[2023-04-08 15:09:55,924] INFO [Controller id=2 epoch=3] Sending UpdateMetadata request to brokers HashSet(0, 1, 2) for 0 partitions (state.change.logger)
[2023-04-08 15:09:57,816] INFO [Controller id=2 epoch=3] Sending LeaderAndIsr request to broker 0 with 17 become-leader and 0 become-follower partitions (state.change.logger)
[2023-04-08 15:09:57,844] INFO [Controller id=2 epoch=3] Sending LeaderAndIsr request to broker 1 with 17 become-leader and 0 become-follower partitions (state.change.logger)
[2023-04-08 15:09:57,846] INFO [Controller id=2 epoch=3] Sending LeaderAndIsr request to broker 2 with 16 become-leader and 0 become-follower partitions (state.change.logger)
[2023-04-08 15:09:57,863] INFO [Broker id=2] Handling LeaderAndIsr request correlationId 1 from controller 2 for 16 partitions (state.change.logger)
[2023-04-08 15:09:57,870] INFO [Broker id=2] Ignoring LeaderAndIsr request from controller 2 with correlation id 1 epoch 3 for partition __consumer_offsets-47 since its associated leader epoch 0 matches the current leader epoch (state.change.logger)
[2023-04-08 15:09:57,871] INFO [Broker id=2] Ignoring LeaderAndIsr request from controller 2 with correlation id 1 epoch 3 for partition __consumer_offsets-14 since its associated leader epoch 0 matches the current leader epoch (state.change.logger)
[2023-04-08 15:09:57,871] INFO [Broker id=2] Ignoring LeaderAndIsr request from controller 2 with correlation id 1 epoch 3 for partition __consumer_offsets-11 since its associated leader epoch 0 matches the current leader epoch (state.change.logger)
[2023-04-08 15:09:57,871] INFO [Broker id=2] Ignoring LeaderAndIsr request from controller 2 with correlation id 1 epoch 3 for partition __consumer_offsets-44 since its associated leader epoch 0 matches the current leader epoch (state.change.logger)
[2023-04-08 15:09:57,871] INFO [Broker id=2] Ignoring LeaderAndIsr request from controller 2 with correlation id 1 epoch 3 for partition __consumer_offsets-41 since its associated leader epoch 0 matches the current leader epoch (state.change.logger)
[2023-04-08 15:09:57,871] INFO [Broker id=2] Ignoring LeaderAndIsr request from controller 2 with correlation id 1 epoch 3 for partition __consumer_offsets-23 since its associated leader epoch 0 matches the current leader epoch (state.change.logger)
[2023-04-08 15:09:57,875] INFO [Broker id=2] Ignoring LeaderAndIsr request from controller 2 with correlation id 1 epoch 3 for partition __consumer_offsets-20 since its associated leader epoch 0 matches the current leader epoch (state.change.logger)
[2023-04-08 15:09:57,875] INFO [Broker id=2] Ignoring LeaderAndIsr request from controller 2 with correlation id 1 epoch 3 for partition __consumer_offsets-17 since its associated leader epoch 0 matches the current leader epoch (state.change.logger)
[2023-04-08 15:09:57,875] INFO [Broker id=2] Ignoring LeaderAndIsr request from controller 2 with correlation id 1 epoch 3 for partition __consumer_offsets-32 since its associated leader epoch 0 matches the current leader epoch (state.change.logger)
[2023-04-08 15:09:57,875] INFO [Broker id=2] Ignoring LeaderAndIsr request from controller 2 with correlation id 1 epoch 3 for partition __consumer_offsets-29 since its associated leader epoch 0 matches the current leader epoch (state.change.logger)
[2023-04-08 15:09:57,875] INFO [Broker id=2] Ignoring LeaderAndIsr request from controller 2 with correlation id 1 epoch 3 for partition __consumer_offsets-26 since its associated leader epoch 0 matches the current leader epoch (state.change.logger)
[2023-04-08 15:09:57,875] INFO [Broker id=2] Ignoring LeaderAndIsr request from controller 2 with correlation id 1 epoch 3 for partition __consumer_offsets-8 since its associated leader epoch 0 matches the current leader epoch (state.change.logger)
[2023-04-08 15:09:57,875] INFO [Broker id=2] Ignoring LeaderAndIsr request from controller 2 with correlation id 1 epoch 3 for partition __consumer_offsets-5 since its associated leader epoch 0 matches the current leader epoch (state.change.logger)
[2023-04-08 15:09:57,875] INFO [Broker id=2] Ignoring LeaderAndIsr request from controller 2 with correlation id 1 epoch 3 for partition __consumer_offsets-38 since its associated leader epoch 0 matches the current leader epoch (state.change.logger)
[2023-04-08 15:09:57,876] INFO [Broker id=2] Ignoring LeaderAndIsr request from controller 2 with correlation id 1 epoch 3 for partition __consumer_offsets-35 since its associated leader epoch 0 matches the current leader epoch (state.change.logger)
[2023-04-08 15:09:57,876] INFO [Broker id=2] Ignoring LeaderAndIsr request from controller 2 with correlation id 1 epoch 3 for partition __consumer_offsets-2 since its associated leader epoch 0 matches the current leader epoch (state.change.logger)
[2023-04-08 15:09:57,877] INFO [Broker id=2] Finished LeaderAndIsr request in 14ms correlationId 1 from controller 2 for 16 partitions (state.change.logger)
[2023-04-08 15:09:57,875] INFO [Controller id=2 epoch=3] Sending UpdateMetadata request to brokers HashSet(0, 1, 2) for 50 partitions (state.change.logger)
[2023-04-08 15:09:57,901] INFO [Broker id=2] Add 50 partitions and deleted 0 partitions from metadata cache in response to UpdateMetadata request sent by controller 2 epoch 3 with correlation id 2 (state.change.logger)
