[2023-04-08 15:09:47,169] INFO [Controller id=0] Processing automatic preferred replica leader election (kafka.controller.KafkaController)
[2023-04-08 15:09:47,170] TRACE [Controller id=0] Checking need to trigger auto leader balancing (kafka.controller.KafkaController)
[2023-04-08 15:09:47,172] DEBUG [Controller id=0] Topics not in preferred replica for broker 0 HashMap() (kafka.controller.KafkaController)
[2023-04-08 15:09:47,172] TRACE [Controller id=0] Leader imbalance ratio for broker 0 is 0.0 (kafka.controller.KafkaController)
[2023-04-08 15:09:47,172] DEBUG [Controller id=0] Topics not in preferred replica for broker 1 HashMap() (kafka.controller.KafkaController)
[2023-04-08 15:09:47,172] TRACE [Controller id=0] Leader imbalance ratio for broker 1 is 0.0 (kafka.controller.KafkaController)
[2023-04-08 15:09:47,172] DEBUG [Controller id=0] Topics not in preferred replica for broker 2 HashMap() (kafka.controller.KafkaController)
[2023-04-08 15:09:47,172] TRACE [Controller id=0] Leader imbalance ratio for broker 2 is 0.0 (kafka.controller.KafkaController)
[2023-04-08 15:09:49,279] DEBUG [Controller id=0] Resigning (kafka.controller.KafkaController)
[2023-04-08 15:09:49,295] DEBUG [Controller id=0] Unregister BrokerModifications handler for Set(0, 1, 2) (kafka.controller.KafkaController)
[2023-04-08 15:09:49,909] INFO [PartitionStateMachine controllerId=0] Stopped partition state machine (kafka.controller.ZkPartitionStateMachine)
[2023-04-08 15:09:49,921] INFO [ReplicaStateMachine controllerId=0] Stopped replica state machine (kafka.controller.ZkReplicaStateMachine)
[2023-04-08 15:09:50,159] INFO [RequestSendThread controllerId=0] Shutting down (kafka.controller.RequestSendThread)
[2023-04-08 15:09:50,202] INFO [RequestSendThread controllerId=0] Stopped (kafka.controller.RequestSendThread)
[2023-04-08 15:09:50,290] INFO [RequestSendThread controllerId=0] Shutdown completed (kafka.controller.RequestSendThread)
[2023-04-08 15:09:50,418] INFO [RequestSendThread controllerId=0] Shutting down (kafka.controller.RequestSendThread)
[2023-04-08 15:09:50,432] INFO [RequestSendThread controllerId=0] Shutdown completed (kafka.controller.RequestSendThread)
[2023-04-08 15:09:50,432] INFO [RequestSendThread controllerId=0] Stopped (kafka.controller.RequestSendThread)
[2023-04-08 15:09:50,444] INFO [RequestSendThread controllerId=0] Shutting down (kafka.controller.RequestSendThread)
[2023-04-08 15:09:50,452] INFO [RequestSendThread controllerId=0] Stopped (kafka.controller.RequestSendThread)
[2023-04-08 15:09:50,452] INFO [RequestSendThread controllerId=0] Shutdown completed (kafka.controller.RequestSendThread)
[2023-04-08 15:09:50,537] INFO [Controller id=0] Resigned (kafka.controller.KafkaController)
[2023-04-08 15:09:51,648] DEBUG [Controller id=0] Broker 2 has been elected as the controller, so stopping the election process. (kafka.controller.KafkaController)
