[2023-04-08 14:04:45,356] INFO Shutting down the log cleaner. (kafka.log.LogCleaner)
[2023-04-08 14:04:45,359] INFO [kafka-log-cleaner-thread-0]: Shutting down (kafka.log.LogCleaner)
[2023-04-08 14:04:45,360] INFO [kafka-log-cleaner-thread-0]: Stopped (kafka.log.LogCleaner)
[2023-04-08 14:04:45,361] INFO [kafka-log-cleaner-thread-0]: Shutdown completed (kafka.log.LogCleaner)
[2023-04-08 14:05:05,864] INFO Starting the log cleaner (kafka.log.LogCleaner)
[2023-04-08 14:05:06,284] INFO [kafka-log-cleaner-thread-0]: Starting (kafka.log.LogCleaner)
[2023-04-08 14:05:23,394] INFO Shutting down the log cleaner. (kafka.log.LogCleaner)
[2023-04-08 14:05:23,395] INFO [kafka-log-cleaner-thread-0]: Shutting down (kafka.log.LogCleaner)
[2023-04-08 14:05:23,395] INFO [kafka-log-cleaner-thread-0]: Stopped (kafka.log.LogCleaner)
[2023-04-08 14:05:23,395] INFO [kafka-log-cleaner-thread-0]: Shutdown completed (kafka.log.LogCleaner)
[2023-04-08 14:05:28,439] INFO Starting the log cleaner (kafka.log.LogCleaner)
[2023-04-08 14:05:28,493] INFO [kafka-log-cleaner-thread-0]: Starting (kafka.log.LogCleaner)
[2023-04-08 14:05:34,150] INFO Shutting down the log cleaner. (kafka.log.LogCleaner)
[2023-04-08 14:05:34,151] INFO [kafka-log-cleaner-thread-0]: Shutting down (kafka.log.LogCleaner)
[2023-04-08 14:05:34,153] INFO [kafka-log-cleaner-thread-0]: Stopped (kafka.log.LogCleaner)
[2023-04-08 14:05:34,158] INFO [kafka-log-cleaner-thread-0]: Shutdown completed (kafka.log.LogCleaner)
[2023-04-08 14:05:38,756] INFO Starting the log cleaner (kafka.log.LogCleaner)
[2023-04-08 14:05:38,811] INFO [kafka-log-cleaner-thread-0]: Starting (kafka.log.LogCleaner)
[2023-04-08 14:05:49,271] INFO Shutting down the log cleaner. (kafka.log.LogCleaner)
[2023-04-08 14:05:49,272] INFO [kafka-log-cleaner-thread-0]: Shutting down (kafka.log.LogCleaner)
[2023-04-08 14:05:49,273] INFO [kafka-log-cleaner-thread-0]: Stopped (kafka.log.LogCleaner)
[2023-04-08 14:05:49,273] INFO [kafka-log-cleaner-thread-0]: Shutdown completed (kafka.log.LogCleaner)
[2023-04-08 14:05:53,953] INFO Starting the log cleaner (kafka.log.LogCleaner)
[2023-04-08 14:05:54,045] INFO [kafka-log-cleaner-thread-0]: Starting (kafka.log.LogCleaner)
[2023-04-08 14:06:11,626] INFO Shutting down the log cleaner. (kafka.log.LogCleaner)
[2023-04-08 14:06:11,627] INFO [kafka-log-cleaner-thread-0]: Shutting down (kafka.log.LogCleaner)
[2023-04-08 14:06:11,628] INFO [kafka-log-cleaner-thread-0]: Stopped (kafka.log.LogCleaner)
[2023-04-08 14:06:11,629] INFO [kafka-log-cleaner-thread-0]: Shutdown completed (kafka.log.LogCleaner)
[2023-04-08 14:06:24,577] INFO Starting the log cleaner (kafka.log.LogCleaner)
[2023-04-08 14:06:24,626] INFO [kafka-log-cleaner-thread-0]: Starting (kafka.log.LogCleaner)
[2023-04-08 14:12:30,503] INFO Shutting down the log cleaner. (kafka.log.LogCleaner)
[2023-04-08 14:12:30,504] INFO [kafka-log-cleaner-thread-0]: Shutting down (kafka.log.LogCleaner)
[2023-04-08 14:12:30,504] INFO [kafka-log-cleaner-thread-0]: Stopped (kafka.log.LogCleaner)
[2023-04-08 14:12:30,504] INFO [kafka-log-cleaner-thread-0]: Shutdown completed (kafka.log.LogCleaner)
[2023-04-08 14:12:47,584] INFO Starting the log cleaner (kafka.log.LogCleaner)
[2023-04-08 14:12:47,666] INFO [kafka-log-cleaner-thread-0]: Starting (kafka.log.LogCleaner)
[2023-04-08 14:20:02,307] INFO Shutting down the log cleaner. (kafka.log.LogCleaner)
[2023-04-08 14:20:02,308] INFO [kafka-log-cleaner-thread-0]: Shutting down (kafka.log.LogCleaner)
[2023-04-08 14:20:02,308] INFO [kafka-log-cleaner-thread-0]: Stopped (kafka.log.LogCleaner)
[2023-04-08 14:20:02,309] INFO [kafka-log-cleaner-thread-0]: Shutdown completed (kafka.log.LogCleaner)
[2023-04-08 14:24:41,534] INFO Starting the log cleaner (kafka.log.LogCleaner)
[2023-04-08 14:24:41,630] INFO [kafka-log-cleaner-thread-0]: Starting (kafka.log.LogCleaner)
[2023-04-08 14:35:17,672] INFO Shutting down the log cleaner. (kafka.log.LogCleaner)
[2023-04-08 14:35:17,673] INFO [kafka-log-cleaner-thread-0]: Shutting down (kafka.log.LogCleaner)
[2023-04-08 14:35:17,673] INFO [kafka-log-cleaner-thread-0]: Stopped (kafka.log.LogCleaner)
[2023-04-08 14:35:17,674] INFO [kafka-log-cleaner-thread-0]: Shutdown completed (kafka.log.LogCleaner)
[2023-04-08 14:36:20,124] INFO Starting the log cleaner (kafka.log.LogCleaner)
[2023-04-08 14:36:20,220] INFO [kafka-log-cleaner-thread-0]: Starting (kafka.log.LogCleaner)
